19:02:59  Running with dbt=1.7.13
19:02:59  Installing dbt-labs/dbt_utils
19:03:00  Installed from version 1.1.1
19:03:00  Updated version available: 1.3.0
19:03:00  
19:03:00  Updates available for packages: ['dbt-labs/dbt_utils']                 
Update your versions in packages.yml, then run dbt deps
19:03:05  Running with dbt=1.7.13
19:03:06  Registered adapter: spark=1.7.1
19:03:06  Found 44 models, 1 test, 17 sources, 0 exposures, 0 metrics, 553 macros, 0 groups, 0 semantic models
19:03:06  
:: loading settings :: url = jar:file:/usr/local/lib/python3.8/dist-packages/pyspark/jars/ivy-2.5.1.jar!/org/apache/ivy/core/settings/ivysettings.xml

Ivy Default Cache set to: /root/.ivy2/cache
The jars for the packages stored in: /root/.ivy2/jars
com.databricks#spark-xml_2.12 added as a dependency
:: resolving dependencies :: org.apache.spark#spark-submit-parent-61e525a0-ccdc-47c1-b379-544ab58b1e36;1.0
	confs: [default]
	found com.databricks#spark-xml_2.12;0.17.0 in central
	found commons-io#commons-io;2.11.0 in central
	found org.glassfish.jaxb#txw2;3.0.2 in central
	found org.apache.ws.xmlschema#xmlschema-core;2.3.0 in central
	found org.scala-lang.modules#scala-collection-compat_2.12;2.9.0 in central
:: resolution report :: resolve 533ms :: artifacts dl 17ms
	:: modules in use:
	com.databricks#spark-xml_2.12;0.17.0 from central in [default]
	commons-io#commons-io;2.11.0 from central in [default]
	org.apache.ws.xmlschema#xmlschema-core;2.3.0 from central in [default]
	org.glassfish.jaxb#txw2;3.0.2 from central in [default]
	org.scala-lang.modules#scala-collection-compat_2.12;2.9.0 from central in [default]
	---------------------------------------------------------------------
	|                  |            modules            ||   artifacts   |
	|       conf       | number| search|dwnlded|evicted|| number|dwnlded|
	---------------------------------------------------------------------
	|      default     |   5   |   0   |   0   |   0   ||   5   |   0   |
	---------------------------------------------------------------------
:: retrieving :: org.apache.spark#spark-submit-parent-61e525a0-ccdc-47c1-b379-544ab58b1e36
	confs: [default]
	0 artifacts copied, 5 already retrieved (0kB/22ms)
WARNING: An illegal reflective access operation has occurred
WARNING: Illegal reflective access by org.apache.hadoop.shaded.org.xbill.DNS.ResolverConfig (file:/usr/local/lib/python3.8/dist-packages/pyspark/jars/hadoop-client-runtime-3.3.2.jar) to method sun.net.dns.ResolverConfiguration.open()
WARNING: Please consider reporting this to the maintainers of org.apache.hadoop.shaded.org.xbill.DNS.ResolverConfig
WARNING: Use --illegal-access=warn to enable warnings of further illegal reflective access operations
WARNING: All illegal access operations will be denied in a future release

25/01/25 19:03:11 WARN NativeCodeLoader: Unable to load native-hadoop library for your platform... using builtin-java classes where applicable

Setting default log level to "WARN".
To adjust logging level use sc.setLogLevel(newLevel). For SparkR, use setLogLevel(newLevel).

25/01/25 19:03:14 WARN DomainSocketFactory: The short-circuit local reads feature cannot be used because libhadoop cannot be loaded.
25/01/25 19:03:15 WARN Client: Neither spark.yarn.jars nor spark.yarn.archive is set, falling back to uploading libraries under SPARK_HOME.
25/01/25 19:03:24 WARN Client: Same path resource file:///root/.ivy2/jars/com.databricks_spark-xml_2.12-0.17.0.jar added multiple times to distributed cache.
25/01/25 19:03:24 WARN Client: Same path resource file:///root/.ivy2/jars/commons-io_commons-io-2.11.0.jar added multiple times to distributed cache.
25/01/25 19:03:24 WARN Client: Same path resource file:///root/.ivy2/jars/org.glassfish.jaxb_txw2-3.0.2.jar added multiple times to distributed cache.
25/01/25 19:03:24 WARN Client: Same path resource file:///root/.ivy2/jars/org.apache.ws.xmlschema_xmlschema-core-2.3.0.jar added multiple times to distributed cache.
25/01/25 19:03:24 WARN Client: Same path resource file:///root/.ivy2/jars/org.scala-lang.modules_scala-collection-compat_2.12-2.9.0.jar added multiple times to distributed cache.
25/01/25 19:03:48 WARN HiveClientImpl: Detected HiveConf hive.execution.engine is 'tez' and will be reset to 'mr' to disable useless hive logic
19:03:51  Concurrency: 1 threads (target='dev')
19:03:51  
19:03:51  1 of 43 START sql table model demo_bronze.brokerage_cash_transaction ........... [RUN]
25/01/25 19:03:52 WARN ResolveSessionCatalog: A Hive serde table will be created as there is no table provider specified. You can set spark.sql.legacy.createHiveTableByDefault to false so that native data source table will be created instead.
25/01/25 19:03:52 WARN SessionState: METASTORE_FILTER_HOOK will be ignored, since hive.security.authorization.manager is set to instance of HiveAuthorizerFactory.
19:04:36  1 of 43 OK created sql table model demo_bronze.brokerage_cash_transaction ...... [OK in 44.91s]
19:04:36  2 of 43 START sql table model demo_bronze.brokerage_daily_market ............... [RUN]
25/01/25 19:04:36 WARN ResolveSessionCatalog: A Hive serde table will be created as there is no table provider specified. You can set spark.sql.legacy.createHiveTableByDefault to false so that native data source table will be created instead.
19:05:57  2 of 43 OK created sql table model demo_bronze.brokerage_daily_market .......... [OK in 80.55s]
19:05:57  3 of 43 START sql table model demo_bronze.brokerage_holding_history ............ [RUN]
25/01/25 19:05:57 WARN ResolveSessionCatalog: A Hive serde table will be created as there is no table provider specified. You can set spark.sql.legacy.createHiveTableByDefault to false so that native data source table will be created instead.
19:06:07  3 of 43 OK created sql table model demo_bronze.brokerage_holding_history ....... [OK in 10.51s]
19:06:07  4 of 43 START sql table model demo_bronze.brokerage_trade ...................... [RUN]
25/01/25 19:06:07 WARN ResolveSessionCatalog: A Hive serde table will be created as there is no table provider specified. You can set spark.sql.legacy.createHiveTableByDefault to false so that native data source table will be created instead.
19:07:04  4 of 43 OK created sql table model demo_bronze.brokerage_trade ................. [OK in 56.84s]
19:07:04  5 of 43 START sql table model demo_bronze.brokerage_trade_history .............. [RUN]
25/01/25 19:07:04 WARN ResolveSessionCatalog: A Hive serde table will be created as there is no table provider specified. You can set spark.sql.legacy.createHiveTableByDefault to false so that native data source table will be created instead.
19:07:56  5 of 43 OK created sql table model demo_bronze.brokerage_trade_history ......... [OK in 52.13s]
19:07:56  6 of 43 START sql table model demo_bronze.brokerage_watch_history .............. [RUN]
25/01/25 19:07:56 WARN ResolveSessionCatalog: A Hive serde table will be created as there is no table provider specified. You can set spark.sql.legacy.createHiveTableByDefault to false so that native data source table will be created instead.
19:09:05  6 of 43 OK created sql table model demo_bronze.brokerage_watch_history ......... [OK in 68.59s]
19:09:05  7 of 43 START sql table model demo_bronze.crm_customer_mgmt .................... [RUN]
25/01/25 19:09:05 WARN ResolveSessionCatalog: A Hive serde table will be created as there is no table provider specified. You can set spark.sql.legacy.createHiveTableByDefault to false so that native data source table will be created instead.
25/01/25 19:09:05 WARN package: Truncated the string representation of a plan since it was too large. This behavior can be adjusted by setting 'spark.sql.debug.maxToStringFields'.
19:09:15  7 of 43 OK created sql table model demo_bronze.crm_customer_mgmt ............... [OK in 10.60s]
19:09:15  8 of 43 START sql table model demo_bronze.finwire_company ...................... [RUN]
25/01/25 19:09:16 WARN ResolveSessionCatalog: A Hive serde table will be created as there is no table provider specified. You can set spark.sql.legacy.createHiveTableByDefault to false so that native data source table will be created instead.
19:09:18  8 of 43 OK created sql table model demo_bronze.finwire_company ................. [OK in 2.94s]
19:09:18  9 of 43 START sql table model demo_bronze.finwire_financial .................... [RUN]
25/01/25 19:09:19 WARN ResolveSessionCatalog: A Hive serde table will be created as there is no table provider specified. You can set spark.sql.legacy.createHiveTableByDefault to false so that native data source table will be created instead.
19:10:34  9 of 43 OK created sql table model demo_bronze.finwire_financial ............... [OK in 75.58s]
19:10:34  10 of 43 START sql table model demo_bronze.finwire_security .................... [RUN]
25/01/25 19:10:34 WARN ResolveSessionCatalog: A Hive serde table will be created as there is no table provider specified. You can set spark.sql.legacy.createHiveTableByDefault to false so that native data source table will be created instead.
19:10:38  10 of 43 OK created sql table model demo_bronze.finwire_security ............... [OK in 4.07s]
19:10:38  11 of 43 START sql table model demo_bronze.hr_employee ......................... [RUN]
25/01/25 19:10:38 WARN ResolveSessionCatalog: A Hive serde table will be created as there is no table provider specified. You can set spark.sql.legacy.createHiveTableByDefault to false so that native data source table will be created instead.
19:10:43  11 of 43 OK created sql table model demo_bronze.hr_employee .................... [OK in 5.56s]
19:10:44  12 of 43 START sql table model demo_bronze.reference_date ...................... [RUN]
25/01/25 19:10:44 WARN ResolveSessionCatalog: A Hive serde table will be created as there is no table provider specified. You can set spark.sql.legacy.createHiveTableByDefault to false so that native data source table will be created instead.
19:10:45  12 of 43 OK created sql table model demo_bronze.reference_date ................. [OK in 1.27s]
19:10:45  13 of 43 START sql table model demo_bronze.reference_industry .................. [RUN]
25/01/25 19:10:45 WARN ResolveSessionCatalog: A Hive serde table will be created as there is no table provider specified. You can set spark.sql.legacy.createHiveTableByDefault to false so that native data source table will be created instead.
19:10:46  13 of 43 OK created sql table model demo_bronze.reference_industry ............. [OK in 0.81s]
19:10:46  14 of 43 START sql table model demo_bronze.reference_status_type ............... [RUN]
25/01/25 19:10:46 WARN ResolveSessionCatalog: A Hive serde table will be created as there is no table provider specified. You can set spark.sql.legacy.createHiveTableByDefault to false so that native data source table will be created instead.
19:10:46  14 of 43 OK created sql table model demo_bronze.reference_status_type .......... [OK in 0.82s]
19:10:46  15 of 43 START sql table model demo_bronze.reference_tax_rate .................. [RUN]
25/01/25 19:10:47 WARN ResolveSessionCatalog: A Hive serde table will be created as there is no table provider specified. You can set spark.sql.legacy.createHiveTableByDefault to false so that native data source table will be created instead.
19:10:47  15 of 43 OK created sql table model demo_bronze.reference_tax_rate ............. [OK in 0.83s]
19:10:47  16 of 43 START sql table model demo_bronze.reference_trade_type ................ [RUN]
25/01/25 19:10:48 WARN ResolveSessionCatalog: A Hive serde table will be created as there is no table provider specified. You can set spark.sql.legacy.createHiveTableByDefault to false so that native data source table will be created instead.
19:10:48  16 of 43 OK created sql table model demo_bronze.reference_trade_type ........... [OK in 0.84s]
19:10:48  17 of 43 START sql table model demo_bronze.syndicated_prospect ................. [RUN]
25/01/25 19:10:48 WARN ResolveSessionCatalog: A Hive serde table will be created as there is no table provider specified. You can set spark.sql.legacy.createHiveTableByDefault to false so that native data source table will be created instead.
19:10:55  17 of 43 OK created sql table model demo_bronze.syndicated_prospect ............ [OK in 7.07s]
19:10:55  18 of 43 START sql table model demo_silver.daily_market ........................ [RUN]
25/01/25 19:10:55 WARN ResolveSessionCatalog: A Hive serde table will be created as there is no table provider specified. You can set spark.sql.legacy.createHiveTableByDefault to false so that native data source table will be created instead.
19:37:08  18 of 43 OK created sql table model demo_silver.daily_market ................... [OK in 1573.13s]
19:37:08  19 of 43 START sql table model demo_silver.employees ........................... [RUN]
25/01/25 19:37:08 WARN ResolveSessionCatalog: A Hive serde table will be created as there is no table provider specified. You can set spark.sql.legacy.createHiveTableByDefault to false so that native data source table will be created instead.
19:37:14  19 of 43 OK created sql table model demo_silver.employees ...................... [OK in 5.47s]
19:37:14  20 of 43 START sql table model demo_silver.date ................................ [RUN]
25/01/25 19:37:14 WARN ResolveSessionCatalog: A Hive serde table will be created as there is no table provider specified. You can set spark.sql.legacy.createHiveTableByDefault to false so that native data source table will be created instead.
19:37:16  20 of 43 OK created sql table model demo_silver.date ........................... [OK in 2.25s]
19:37:16  21 of 43 START sql table model demo_silver.companies ........................... [RUN]
25/01/25 19:37:16 WARN ResolveSessionCatalog: A Hive serde table will be created as there is no table provider specified. You can set spark.sql.legacy.createHiveTableByDefault to false so that native data source table will be created instead.
19:37:25  21 of 43 OK created sql table model demo_silver.companies ...................... [OK in 8.44s]
19:37:25  22 of 43 START sql table model demo_silver.accounts ............................ [RUN]
25/01/25 19:37:25 WARN ResolveSessionCatalog: A Hive serde table will be created as there is no table provider specified. You can set spark.sql.legacy.createHiveTableByDefault to false so that native data source table will be created instead.
19:37:50  22 of 43 OK created sql table model demo_silver.accounts ....................... [OK in 25.03s]
19:37:50  23 of 43 START sql table model demo_silver.customers ........................... [RUN]
25/01/25 19:37:50 WARN ResolveSessionCatalog: A Hive serde table will be created as there is no table provider specified. You can set spark.sql.legacy.createHiveTableByDefault to false so that native data source table will be created instead.
19:38:07  23 of 43 OK created sql table model demo_silver.customers ...................... [OK in 17.25s]
19:38:07  24 of 43 START sql table model demo_silver.trades_history ...................... [RUN]
25/01/25 19:38:08 WARN ResolveSessionCatalog: A Hive serde table will be created as there is no table provider specified. You can set spark.sql.legacy.createHiveTableByDefault to false so that native data source table will be created instead.
19:44:20  24 of 43 OK created sql table model demo_silver.trades_history ................. [OK in 372.82s]
19:44:20  25 of 43 START sql table model demo_gold.dim_broker ............................ [RUN]
25/01/25 19:44:20 WARN ResolveSessionCatalog: A Hive serde table will be created as there is no table provider specified. You can set spark.sql.legacy.createHiveTableByDefault to false so that native data source table will be created instead.
19:44:29  25 of 43 OK created sql table model demo_gold.dim_broker ....................... [OK in 8.60s]
19:44:29  26 of 43 START sql table model demo_gold.dim_date .............................. [RUN]
25/01/25 19:44:29 WARN ResolveSessionCatalog: A Hive serde table will be created as there is no table provider specified. You can set spark.sql.legacy.createHiveTableByDefault to false so that native data source table will be created instead.
19:44:31  26 of 43 OK created sql table model demo_gold.dim_date ......................... [OK in 2.49s]
19:44:31  27 of 43 START sql table model demo_gold.dim_company ........................... [RUN]
25/01/25 19:44:31 WARN ResolveSessionCatalog: A Hive serde table will be created as there is no table provider specified. You can set spark.sql.legacy.createHiveTableByDefault to false so that native data source table will be created instead.
19:44:36  27 of 43 OK created sql table model demo_gold.dim_company ...................... [OK in 4.20s]
19:44:36  28 of 43 START sql table model demo_silver.financials .......................... [RUN]
25/01/25 19:44:36 WARN ResolveSessionCatalog: A Hive serde table will be created as there is no table provider specified. You can set spark.sql.legacy.createHiveTableByDefault to false so that native data source table will be created instead.
19:46:33  28 of 43 OK created sql table model demo_silver.financials ..................... [OK in 117.58s]
19:46:33  29 of 43 START sql table model demo_silver.securities .......................... [RUN]
25/01/25 19:46:33 WARN ResolveSessionCatalog: A Hive serde table will be created as there is no table provider specified. You can set spark.sql.legacy.createHiveTableByDefault to false so that native data source table will be created instead.
19:46:45  29 of 43 OK created sql table model demo_silver.securities ..................... [OK in 11.44s]
19:46:45  30 of 43 START sql table model demo_silver.cash_transactions ................... [RUN]
25/01/25 19:46:45 WARN ResolveSessionCatalog: A Hive serde table will be created as there is no table provider specified. You can set spark.sql.legacy.createHiveTableByDefault to false so that native data source table will be created instead.
19:47:33  30 of 43 OK created sql table model demo_silver.cash_transactions .............. [OK in 48.71s]
19:47:33  31 of 43 START sql table model demo_gold.dim_customer .......................... [RUN]
25/01/25 19:47:33 WARN ResolveSessionCatalog: A Hive serde table will be created as there is no table provider specified. You can set spark.sql.legacy.createHiveTableByDefault to false so that native data source table will be created instead.
19:47:59  31 of 43 OK created sql table model demo_gold.dim_customer ..................... [OK in 25.47s]
19:47:59  32 of 43 START sql table model demo_gold.dim_trade ............................. [RUN]
25/01/25 19:47:59 WARN ResolveSessionCatalog: A Hive serde table will be created as there is no table provider specified. You can set spark.sql.legacy.createHiveTableByDefault to false so that native data source table will be created instead.
19:51:16  32 of 43 OK created sql table model demo_gold.dim_trade ........................ [OK in 197.39s]
19:51:16  33 of 43 START sql table model demo_silver.trades .............................. [RUN]
25/01/25 19:51:16 WARN ResolveSessionCatalog: A Hive serde table will be created as there is no table provider specified. You can set spark.sql.legacy.createHiveTableByDefault to false so that native data source table will be created instead.
19:55:54  33 of 43 OK created sql table model demo_silver.trades ......................... [OK in 277.67s]
19:55:54  34 of 43 START sql table model demo_gold.dim_security .......................... [RUN]
25/01/25 19:55:54 WARN ResolveSessionCatalog: A Hive serde table will be created as there is no table provider specified. You can set spark.sql.legacy.createHiveTableByDefault to false so that native data source table will be created instead.
19:55:59  34 of 43 OK created sql table model demo_gold.dim_security ..................... [OK in 5.22s]
19:55:59  35 of 43 START sql table model demo_silver.watches_history ..................... [RUN]
25/01/25 19:55:59 WARN ResolveSessionCatalog: A Hive serde table will be created as there is no table provider specified. You can set spark.sql.legacy.createHiveTableByDefault to false so that native data source table will be created instead.
19:58:06  35 of 43 OK created sql table model demo_silver.watches_history ................ [OK in 126.52s]
19:58:06  36 of 43 START sql table model demo_gold.dim_account ........................... [RUN]
25/01/25 19:58:06 WARN ResolveSessionCatalog: A Hive serde table will be created as there is no table provider specified. You can set spark.sql.legacy.createHiveTableByDefault to false so that native data source table will be created instead.
19:58:21  36 of 43 OK created sql table model demo_gold.dim_account ...................... [OK in 14.99s]
19:58:21  37 of 43 START sql table model demo_silver.holdings_history .................... [RUN]
25/01/25 19:58:21 WARN ResolveSessionCatalog: A Hive serde table will be created as there is no table provider specified. You can set spark.sql.legacy.createHiveTableByDefault to false so that native data source table will be created instead.
20:00:12  37 of 43 OK created sql table model demo_silver.holdings_history ............... [OK in 111.27s]
20:00:12  38 of 43 START sql table model demo_silver.watches ............................. [RUN]
25/01/25 20:00:12 WARN ResolveSessionCatalog: A Hive serde table will be created as there is no table provider specified. You can set spark.sql.legacy.createHiveTableByDefault to false so that native data source table will be created instead.
20:08:25  38 of 43 OK created sql table model demo_silver.watches ........................ [OK in 492.55s]
20:08:25  39 of 43 START sql table model demo_gold.fact_cash_transactions ................ [RUN]
25/01/25 20:08:25 WARN ResolveSessionCatalog: A Hive serde table will be created as there is no table provider specified. You can set spark.sql.legacy.createHiveTableByDefault to false so that native data source table will be created instead.
20:12:12  39 of 43 OK created sql table model demo_gold.fact_cash_transactions ........... [OK in 227.75s]
20:12:12  40 of 43 START sql table model demo_gold.fact_trade ............................ [RUN]
25/01/25 20:12:12 WARN ResolveSessionCatalog: A Hive serde table will be created as there is no table provider specified. You can set spark.sql.legacy.createHiveTableByDefault to false so that native data source table will be created instead.
20:24:34  40 of 43 OK created sql table model demo_gold.fact_trade ....................... [OK in 741.96s]
20:24:34  41 of 43 START sql table model demo_gold.fact_holdings ......................... [RUN]
25/01/25 20:24:34 WARN ResolveSessionCatalog: A Hive serde table will be created as there is no table provider specified. You can set spark.sql.legacy.createHiveTableByDefault to false so that native data source table will be created instead.
20:46:30  41 of 43 OK created sql table model demo_gold.fact_holdings .................... [OK in 1315.48s]
20:46:30  42 of 43 START sql table model demo_gold.fact_watches .......................... [RUN]
25/01/25 20:46:30 WARN ResolveSessionCatalog: A Hive serde table will be created as there is no table provider specified. You can set spark.sql.legacy.createHiveTableByDefault to false so that native data source table will be created instead.
20:51:41  42 of 43 OK created sql table model demo_gold.fact_watches ..................... [OK in 311.37s]
20:51:41  43 of 43 START sql table model demo_gold.fact_cash_balances .................... [RUN]
25/01/25 20:51:41 WARN ResolveSessionCatalog: A Hive serde table will be created as there is no table provider specified. You can set spark.sql.legacy.createHiveTableByDefault to false so that native data source table will be created instead.
20:57:56  43 of 43 OK created sql table model demo_gold.fact_cash_balances ............... [OK in 375.19s]
20:57:56  
20:57:56  Finished running 43 table models in 1 hours 54 minutes and 50.27 seconds (6890.27s).
20:57:56  
20:57:56  Completed successfully
20:57:56  
20:57:56  Done. PASS=43 WARN=0 ERROR=0 SKIP=0 TOTAL=43

Task exception was never retrieved
future: <Task finished name='Task-58' coro=<ScriptMagics.shebang.<locals>._handle_stream() done, defined at /usr/local/lib/python3.8/dist-packages/IPython/core/magics/script.py:211> exception=ValueError('Separator is not found, and chunk exceed the limit')>
Traceback (most recent call last):
  File "/usr/lib/python3.8/asyncio/streams.py", line 540, in readline
    line = await self.readuntil(sep)
  File "/usr/lib/python3.8/asyncio/streams.py", line 618, in readuntil
    raise exceptions.LimitOverrunError(
asyncio.exceptions.LimitOverrunError: Separator is not found, and chunk exceed the limit

During handling of the above exception, another exception occurred:

Traceback (most recent call last):
  File "/usr/local/lib/python3.8/dist-packages/IPython/core/magics/script.py", line 213, in _handle_stream
    line = (await stream.readline()).decode("utf8", errors="replace")
  File "/usr/lib/python3.8/asyncio/streams.py", line 549, in readline
    raise ValueError(e.args[0])
ValueError: Separator is not found, and chunk exceed the limit
