21:42:54  Running with dbt=1.7.13
21:42:54  Installing dbt-labs/dbt_utils
21:42:54  Installed from version 1.1.1
21:42:54  Updated version available: 1.3.0
21:42:54  
21:42:54  Updates available for packages: ['dbt-labs/dbt_utils']                 
Update your versions in packages.yml, then run dbt deps
21:42:58  Running with dbt=1.7.13
21:42:59  Registered adapter: spark=1.7.1
21:42:59  Found 44 models, 2 tests, 17 sources, 0 exposures, 0 metrics, 554 macros, 0 groups, 0 semantic models
21:42:59  
:: loading settings :: url = jar:file:/usr/local/lib/python3.8/dist-packages/pyspark/jars/ivy-2.5.1.jar!/org/apache/ivy/core/settings/ivysettings.xml

Ivy Default Cache set to: /root/.ivy2/cache
The jars for the packages stored in: /root/.ivy2/jars
com.databricks#spark-xml_2.12 added as a dependency
:: resolving dependencies :: org.apache.spark#spark-submit-parent-f2a5955c-a9ed-420e-9d16-fb703b493a5f;1.0
	confs: [default]
	found com.databricks#spark-xml_2.12;0.17.0 in central
	found commons-io#commons-io;2.11.0 in central
	found org.glassfish.jaxb#txw2;3.0.2 in central
	found org.apache.ws.xmlschema#xmlschema-core;2.3.0 in central
	found org.scala-lang.modules#scala-collection-compat_2.12;2.9.0 in central
:: resolution report :: resolve 1117ms :: artifacts dl 38ms
	:: modules in use:
	com.databricks#spark-xml_2.12;0.17.0 from central in [default]
	commons-io#commons-io;2.11.0 from central in [default]
	org.apache.ws.xmlschema#xmlschema-core;2.3.0 from central in [default]
	org.glassfish.jaxb#txw2;3.0.2 from central in [default]
	org.scala-lang.modules#scala-collection-compat_2.12;2.9.0 from central in [default]
	---------------------------------------------------------------------
	|                  |            modules            ||   artifacts   |
	|       conf       | number| search|dwnlded|evicted|| number|dwnlded|
	---------------------------------------------------------------------
	|      default     |   5   |   0   |   0   |   0   ||   5   |   0   |
	---------------------------------------------------------------------
:: retrieving :: org.apache.spark#spark-submit-parent-f2a5955c-a9ed-420e-9d16-fb703b493a5f
	confs: [default]
	0 artifacts copied, 5 already retrieved (0kB/31ms)
WARNING: An illegal reflective access operation has occurred
WARNING: Illegal reflective access by org.apache.hadoop.shaded.org.xbill.DNS.ResolverConfig (file:/usr/local/lib/python3.8/dist-packages/pyspark/jars/hadoop-client-runtime-3.3.2.jar) to method sun.net.dns.ResolverConfiguration.open()
WARNING: Please consider reporting this to the maintainers of org.apache.hadoop.shaded.org.xbill.DNS.ResolverConfig
WARNING: Use --illegal-access=warn to enable warnings of further illegal reflective access operations
WARNING: All illegal access operations will be denied in a future release

25/01/25 21:43:08 WARN NativeCodeLoader: Unable to load native-hadoop library for your platform... using builtin-java classes where applicable

Setting default log level to "WARN".
To adjust logging level use sc.setLogLevel(newLevel). For SparkR, use setLogLevel(newLevel).

25/01/25 21:43:11 WARN DomainSocketFactory: The short-circuit local reads feature cannot be used because libhadoop cannot be loaded.
25/01/25 21:43:11 WARN Client: Neither spark.yarn.jars nor spark.yarn.archive is set, falling back to uploading libraries under SPARK_HOME.
25/01/25 21:43:19 WARN Client: Same path resource file:///root/.ivy2/jars/com.databricks_spark-xml_2.12-0.17.0.jar added multiple times to distributed cache.
25/01/25 21:43:19 WARN Client: Same path resource file:///root/.ivy2/jars/commons-io_commons-io-2.11.0.jar added multiple times to distributed cache.
25/01/25 21:43:19 WARN Client: Same path resource file:///root/.ivy2/jars/org.glassfish.jaxb_txw2-3.0.2.jar added multiple times to distributed cache.
25/01/25 21:43:19 WARN Client: Same path resource file:///root/.ivy2/jars/org.apache.ws.xmlschema_xmlschema-core-2.3.0.jar added multiple times to distributed cache.
25/01/25 21:43:19 WARN Client: Same path resource file:///root/.ivy2/jars/org.scala-lang.modules_scala-collection-compat_2.12-2.9.0.jar added multiple times to distributed cache.
25/01/25 21:43:45 WARN HiveClientImpl: Detected HiveConf hive.execution.engine is 'tez' and will be reset to 'mr' to disable useless hive logic
21:43:48  Concurrency: 1 threads (target='dev')
21:43:48  
21:43:48  1 of 43 START sql table model demo_bronze.brokerage_cash_transaction ........... [RUN]
25/01/25 21:43:49 WARN ResolveSessionCatalog: A Hive serde table will be created as there is no table provider specified. You can set spark.sql.legacy.createHiveTableByDefault to false so that native data source table will be created instead.
25/01/25 21:43:49 WARN SessionState: METASTORE_FILTER_HOOK will be ignored, since hive.security.authorization.manager is set to instance of HiveAuthorizerFactory.
21:44:56  1 of 43 OK created sql table model demo_bronze.brokerage_cash_transaction ...... [OK in 67.97s]
21:44:56  2 of 43 START sql table model demo_bronze.brokerage_daily_market ............... [RUN]
25/01/25 21:44:57 WARN ResolveSessionCatalog: A Hive serde table will be created as there is no table provider specified. You can set spark.sql.legacy.createHiveTableByDefault to false so that native data source table will be created instead.
21:48:14  2 of 43 OK created sql table model demo_bronze.brokerage_daily_market .......... [OK in 197.88s]
21:48:14  3 of 43 START sql table model demo_bronze.brokerage_holding_history ............ [RUN]
25/01/25 21:48:14 WARN ResolveSessionCatalog: A Hive serde table will be created as there is no table provider specified. You can set spark.sql.legacy.createHiveTableByDefault to false so that native data source table will be created instead.
21:48:44  3 of 43 OK created sql table model demo_bronze.brokerage_holding_history ....... [OK in 29.43s]
21:48:44  4 of 43 START sql table model demo_bronze.brokerage_trade ...................... [RUN]
25/01/25 21:48:44 WARN ResolveSessionCatalog: A Hive serde table will be created as there is no table provider specified. You can set spark.sql.legacy.createHiveTableByDefault to false so that native data source table will be created instead.
21:51:14  4 of 43 OK created sql table model demo_bronze.brokerage_trade ................. [OK in 149.98s]
21:51:14  5 of 43 START sql table model demo_bronze.brokerage_trade_history .............. [RUN]
25/01/25 21:51:14 WARN ResolveSessionCatalog: A Hive serde table will be created as there is no table provider specified. You can set spark.sql.legacy.createHiveTableByDefault to false so that native data source table will be created instead.
21:53:16  5 of 43 OK created sql table model demo_bronze.brokerage_trade_history ......... [OK in 122.27s]
21:53:16  6 of 43 START sql table model demo_bronze.brokerage_watch_history .............. [RUN]
25/01/25 21:53:16 WARN ResolveSessionCatalog: A Hive serde table will be created as there is no table provider specified. You can set spark.sql.legacy.createHiveTableByDefault to false so that native data source table will be created instead.
21:55:27  6 of 43 OK created sql table model demo_bronze.brokerage_watch_history ......... [OK in 131.45s]
21:55:27  7 of 43 START sql table model demo_bronze.crm_customer_mgmt .................... [RUN]
25/01/25 21:55:28 WARN ResolveSessionCatalog: A Hive serde table will be created as there is no table provider specified. You can set spark.sql.legacy.createHiveTableByDefault to false so that native data source table will be created instead.
25/01/25 21:55:28 WARN package: Truncated the string representation of a plan since it was too large. This behavior can be adjusted by setting 'spark.sql.debug.maxToStringFields'.
21:55:46  7 of 43 OK created sql table model demo_bronze.crm_customer_mgmt ............... [OK in 18.95s]
21:55:46  8 of 43 START sql table model demo_bronze.finwire_company ...................... [RUN]
25/01/25 21:55:47 WARN ResolveSessionCatalog: A Hive serde table will be created as there is no table provider specified. You can set spark.sql.legacy.createHiveTableByDefault to false so that native data source table will be created instead.
21:55:49  8 of 43 OK created sql table model demo_bronze.finwire_company ................. [OK in 2.99s]
21:55:49  9 of 43 START sql table model demo_bronze.finwire_financial .................... [RUN]
25/01/25 21:55:50 WARN ResolveSessionCatalog: A Hive serde table will be created as there is no table provider specified. You can set spark.sql.legacy.createHiveTableByDefault to false so that native data source table will be created instead.
21:58:43  9 of 43 OK created sql table model demo_bronze.finwire_financial ............... [OK in 174.02s]
21:58:43  10 of 43 START sql table model demo_bronze.finwire_security .................... [RUN]
25/01/25 21:58:44 WARN ResolveSessionCatalog: A Hive serde table will be created as there is no table provider specified. You can set spark.sql.legacy.createHiveTableByDefault to false so that native data source table will be created instead.
21:58:47  10 of 43 OK created sql table model demo_bronze.finwire_security ............... [OK in 3.39s]
21:58:47  11 of 43 START sql table model demo_bronze.hr_employee ......................... [RUN]
25/01/25 21:58:47 WARN ResolveSessionCatalog: A Hive serde table will be created as there is no table provider specified. You can set spark.sql.legacy.createHiveTableByDefault to false so that native data source table will be created instead.
21:58:52  11 of 43 OK created sql table model demo_bronze.hr_employee .................... [OK in 5.83s]
21:58:53  12 of 43 START sql table model demo_bronze.reference_date ...................... [RUN]
25/01/25 21:58:53 WARN ResolveSessionCatalog: A Hive serde table will be created as there is no table provider specified. You can set spark.sql.legacy.createHiveTableByDefault to false so that native data source table will be created instead.
21:58:54  12 of 43 OK created sql table model demo_bronze.reference_date ................. [OK in 1.29s]
21:58:54  13 of 43 START sql table model demo_bronze.reference_industry .................. [RUN]
25/01/25 21:58:54 WARN ResolveSessionCatalog: A Hive serde table will be created as there is no table provider specified. You can set spark.sql.legacy.createHiveTableByDefault to false so that native data source table will be created instead.
21:58:55  13 of 43 OK created sql table model demo_bronze.reference_industry ............. [OK in 0.91s]
21:58:55  14 of 43 START sql table model demo_bronze.reference_status_type ............... [RUN]
25/01/25 21:58:55 WARN ResolveSessionCatalog: A Hive serde table will be created as there is no table provider specified. You can set spark.sql.legacy.createHiveTableByDefault to false so that native data source table will be created instead.
21:58:56  14 of 43 OK created sql table model demo_bronze.reference_status_type .......... [OK in 0.91s]
21:58:56  15 of 43 START sql table model demo_bronze.reference_tax_rate .................. [RUN]
25/01/25 21:58:56 WARN ResolveSessionCatalog: A Hive serde table will be created as there is no table provider specified. You can set spark.sql.legacy.createHiveTableByDefault to false so that native data source table will be created instead.
21:58:57  15 of 43 OK created sql table model demo_bronze.reference_tax_rate ............. [OK in 0.87s]
21:58:57  16 of 43 START sql table model demo_bronze.reference_trade_type ................ [RUN]
25/01/25 21:58:57 WARN ResolveSessionCatalog: A Hive serde table will be created as there is no table provider specified. You can set spark.sql.legacy.createHiveTableByDefault to false so that native data source table will be created instead.
21:58:57  16 of 43 OK created sql table model demo_bronze.reference_trade_type ........... [OK in 0.91s]
21:58:57  17 of 43 START sql table model demo_bronze.syndicated_prospect ................. [RUN]
25/01/25 21:58:58 WARN ResolveSessionCatalog: A Hive serde table will be created as there is no table provider specified. You can set spark.sql.legacy.createHiveTableByDefault to false so that native data source table will be created instead.
21:59:05  17 of 43 OK created sql table model demo_bronze.syndicated_prospect ............ [OK in 7.51s]
21:59:05  18 of 43 START sql table model demo_silver.daily_market ........................ [RUN]
25/01/25 21:59:05 WARN ResolveSessionCatalog: A Hive serde table will be created as there is no table provider specified. You can set spark.sql.legacy.createHiveTableByDefault to false so that native data source table will be created instead.
23:04:01  18 of 43 OK created sql table model demo_silver.daily_market ................... [OK in 3896.11s]
23:04:01  19 of 43 START sql table model demo_silver.employees ........................... [RUN]
25/01/25 23:04:01 WARN ResolveSessionCatalog: A Hive serde table will be created as there is no table provider specified. You can set spark.sql.legacy.createHiveTableByDefault to false so that native data source table will be created instead.
23:04:06  19 of 43 OK created sql table model demo_silver.employees ...................... [OK in 4.72s]
23:04:06  20 of 43 START sql table model demo_silver.date ................................ [RUN]
25/01/25 23:04:06 WARN ResolveSessionCatalog: A Hive serde table will be created as there is no table provider specified. You can set spark.sql.legacy.createHiveTableByDefault to false so that native data source table will be created instead.
23:04:08  20 of 43 OK created sql table model demo_silver.date ........................... [OK in 2.06s]
23:04:08  21 of 43 START sql table model demo_silver.companies ........................... [RUN]
25/01/25 23:04:08 WARN ResolveSessionCatalog: A Hive serde table will be created as there is no table provider specified. You can set spark.sql.legacy.createHiveTableByDefault to false so that native data source table will be created instead.
23:04:16  21 of 43 OK created sql table model demo_silver.companies ...................... [OK in 7.69s]
23:04:16  22 of 43 START sql table model demo_silver.accounts ............................ [RUN]
25/01/25 23:04:16 WARN ResolveSessionCatalog: A Hive serde table will be created as there is no table provider specified. You can set spark.sql.legacy.createHiveTableByDefault to false so that native data source table will be created instead.
23:04:34  22 of 43 OK created sql table model demo_silver.accounts ....................... [OK in 18.02s]
23:04:34  23 of 43 START sql table model demo_silver.customers ........................... [RUN]
25/01/25 23:04:34 WARN ResolveSessionCatalog: A Hive serde table will be created as there is no table provider specified. You can set spark.sql.legacy.createHiveTableByDefault to false so that native data source table will be created instead.
23:04:48  23 of 43 OK created sql table model demo_silver.customers ...................... [OK in 13.37s]
23:04:48  24 of 43 START sql table model demo_silver.trades_history ...................... [RUN]
25/01/25 23:04:48 WARN ResolveSessionCatalog: A Hive serde table will be created as there is no table provider specified. You can set spark.sql.legacy.createHiveTableByDefault to false so that native data source table will be created instead.
23:25:59  24 of 43 OK created sql table model demo_silver.trades_history ................. [OK in 1271.29s]
23:25:59  25 of 43 START sql table model demo_gold.dim_broker ............................ [RUN]
25/01/25 23:25:59 WARN ResolveSessionCatalog: A Hive serde table will be created as there is no table provider specified. You can set spark.sql.legacy.createHiveTableByDefault to false so that native data source table will be created instead.
23:26:06  25 of 43 OK created sql table model demo_gold.dim_broker ....................... [OK in 7.04s]
23:26:06  26 of 43 START sql table model demo_gold.dim_date .............................. [RUN]
25/01/25 23:26:06 WARN ResolveSessionCatalog: A Hive serde table will be created as there is no table provider specified. You can set spark.sql.legacy.createHiveTableByDefault to false so that native data source table will be created instead.
23:26:08  26 of 43 OK created sql table model demo_gold.dim_date ......................... [OK in 1.80s]
23:26:08  27 of 43 START sql table model demo_gold.dim_company ........................... [RUN]
25/01/25 23:26:08 WARN ResolveSessionCatalog: A Hive serde table will be created as there is no table provider specified. You can set spark.sql.legacy.createHiveTableByDefault to false so that native data source table will be created instead.
23:26:12  27 of 43 OK created sql table model demo_gold.dim_company ...................... [OK in 3.97s]
23:26:12  28 of 43 START sql table model demo_silver.financials .......................... [RUN]
25/01/25 23:26:12 WARN ResolveSessionCatalog: A Hive serde table will be created as there is no table provider specified. You can set spark.sql.legacy.createHiveTableByDefault to false so that native data source table will be created instead.
23:29:48  28 of 43 OK created sql table model demo_silver.financials ..................... [OK in 216.20s]
23:29:48  29 of 43 START sql table model demo_silver.securities .......................... [RUN]
25/01/25 23:29:48 WARN ResolveSessionCatalog: A Hive serde table will be created as there is no table provider specified. You can set spark.sql.legacy.createHiveTableByDefault to false so that native data source table will be created instead.
23:29:55  29 of 43 OK created sql table model demo_silver.securities ..................... [OK in 6.90s]
23:29:55  30 of 43 START sql table model demo_silver.cash_transactions ................... [RUN]
25/01/25 23:29:55 WARN ResolveSessionCatalog: A Hive serde table will be created as there is no table provider specified. You can set spark.sql.legacy.createHiveTableByDefault to false so that native data source table will be created instead.
23:32:24  30 of 43 OK created sql table model demo_silver.cash_transactions .............. [OK in 148.60s]
23:32:24  31 of 43 START sql table model demo_gold.dim_customer .......................... [RUN]
25/01/25 23:32:24 WARN ResolveSessionCatalog: A Hive serde table will be created as there is no table provider specified. You can set spark.sql.legacy.createHiveTableByDefault to false so that native data source table will be created instead.
23:33:07  31 of 43 OK created sql table model demo_gold.dim_customer ..................... [OK in 43.50s]
23:33:07  32 of 43 START sql table model demo_gold.dim_trade ............................. [RUN]
25/01/25 23:33:07 WARN ResolveSessionCatalog: A Hive serde table will be created as there is no table provider specified. You can set spark.sql.legacy.createHiveTableByDefault to false so that native data source table will be created instead.
23:44:09  32 of 43 OK created sql table model demo_gold.dim_trade ........................ [OK in 662.19s]
23:44:09  33 of 43 START sql table model demo_silver.trades .............................. [RUN]
25/01/25 23:44:10 WARN ResolveSessionCatalog: A Hive serde table will be created as there is no table provider specified. You can set spark.sql.legacy.createHiveTableByDefault to false so that native data source table will be created instead.
23:56:52  33 of 43 OK created sql table model demo_silver.trades ......................... [OK in 762.96s]
23:56:52  34 of 43 START sql table model demo_gold.dim_security .......................... [RUN]
25/01/25 23:56:52 WARN ResolveSessionCatalog: A Hive serde table will be created as there is no table provider specified. You can set spark.sql.legacy.createHiveTableByDefault to false so that native data source table will be created instead.
23:56:58  34 of 43 OK created sql table model demo_gold.dim_security ..................... [OK in 5.68s]
23:56:58  35 of 43 START sql table model demo_silver.watches_history ..................... [RUN]
25/01/25 23:56:58 WARN ResolveSessionCatalog: A Hive serde table will be created as there is no table provider specified. You can set spark.sql.legacy.createHiveTableByDefault to false so that native data source table will be created instead.
00:02:55  35 of 43 OK created sql table model demo_silver.watches_history ................ [OK in 356.98s]
00:02:55  36 of 43 START sql table model demo_gold.dim_account ........................... [RUN]
25/01/26 00:02:55 WARN ResolveSessionCatalog: A Hive serde table will be created as there is no table provider specified. You can set spark.sql.legacy.createHiveTableByDefault to false so that native data source table will be created instead.
00:03:13  36 of 43 OK created sql table model demo_gold.dim_account ...................... [OK in 18.11s]
00:03:13  37 of 43 START sql table model demo_silver.holdings_history .................... [RUN]
25/01/26 00:03:13 WARN ResolveSessionCatalog: A Hive serde table will be created as there is no table provider specified. You can set spark.sql.legacy.createHiveTableByDefault to false so that native data source table will be created instead.
00:08:13  37 of 43 OK created sql table model demo_silver.holdings_history ............... [OK in 300.03s]
00:08:13  38 of 43 START sql table model demo_silver.watches ............................. [RUN]
25/01/26 00:08:13 WARN ResolveSessionCatalog: A Hive serde table will be created as there is no table provider specified. You can set spark.sql.legacy.createHiveTableByDefault to false so that native data source table will be created instead.
00:16:27  38 of 43 OK created sql table model demo_silver.watches ........................ [OK in 493.64s]
00:16:27  39 of 43 START sql table model demo_gold.fact_cash_transactions ................ [RUN]
25/01/26 00:16:27 WARN ResolveSessionCatalog: A Hive serde table will be created as there is no table provider specified. You can set spark.sql.legacy.createHiveTableByDefault to false so that native data source table will be created instead.
00:28:10  39 of 43 OK created sql table model demo_gold.fact_cash_transactions ........... [OK in 703.17s]
00:28:10  40 of 43 START sql table model demo_gold.fact_trade ............................ [RUN]
25/01/26 00:28:10 WARN ResolveSessionCatalog: A Hive serde table will be created as there is no table provider specified. You can set spark.sql.legacy.createHiveTableByDefault to false so that native data source table will be created instead.
01:00:32  40 of 43 OK created sql table model demo_gold.fact_trade ....................... [OK in 1942.34s]
01:00:32  41 of 43 START sql table model demo_gold.fact_holdings ......................... [RUN]
25/01/26 01:00:33 WARN ResolveSessionCatalog: A Hive serde table will be created as there is no table provider specified. You can set spark.sql.legacy.createHiveTableByDefault to false so that native data source table will be created instead.
01:53:06  41 of 43 OK created sql table model demo_gold.fact_holdings .................... [OK in 3153.32s]
01:53:06  42 of 43 START sql table model demo_gold.fact_watches .......................... [RUN]
25/01/26 01:53:06 WARN ResolveSessionCatalog: A Hive serde table will be created as there is no table provider specified. You can set spark.sql.legacy.createHiveTableByDefault to false so that native data source table will be created instead.
01:59:57  42 of 43 OK created sql table model demo_gold.fact_watches ..................... [OK in 411.83s]
01:59:57  43 of 43 START sql table model demo_gold.fact_cash_balances .................... [RUN]
25/01/26 01:59:58 WARN ResolveSessionCatalog: A Hive serde table will be created as there is no table provider specified. You can set spark.sql.legacy.createHiveTableByDefault to false so that native data source table will be created instead.
02:15:42  43 of 43 OK created sql table model demo_gold.fact_cash_balances ............... [OK in 944.72s]
02:15:42  
02:15:42  Finished running 43 table models in 4 hours 32 minutes and 43.16 seconds (16363.16s).
02:15:42  
02:15:42  Completed successfully
02:15:42  
02:15:42  Done. PASS=43 WARN=0 ERROR=0 SKIP=0 TOTAL=43

Task exception was never retrieved
future: <Task finished name='Task-227' coro=<ScriptMagics.shebang.<locals>._handle_stream() done, defined at /usr/local/lib/python3.8/dist-packages/IPython/core/magics/script.py:211> exception=ValueError('Separator is not found, and chunk exceed the limit')>
Traceback (most recent call last):
  File "/usr/lib/python3.8/asyncio/streams.py", line 540, in readline
    line = await self.readuntil(sep)
  File "/usr/lib/python3.8/asyncio/streams.py", line 618, in readuntil
    raise exceptions.LimitOverrunError(
asyncio.exceptions.LimitOverrunError: Separator is not found, and chunk exceed the limit

During handling of the above exception, another exception occurred:

Traceback (most recent call last):
  File "/usr/local/lib/python3.8/dist-packages/IPython/core/magics/script.py", line 213, in _handle_stream
    line = (await stream.readline()).decode("utf8", errors="replace")
  File "/usr/lib/python3.8/asyncio/streams.py", line 549, in readline
    raise ValueError(e.args[0])
ValueError: Separator is not found, and chunk exceed the limit
